2024-11-13 12:14:16 +0000  Initial pipeline context: <IDEDistributionProcessingPipelineContext: 0x32a639df0; archive(resolved)="<IDEArchive: 0x60001c9eb8e0>", distributionTask(resolved)="2", distributionDestination(resolved)="1", distributionMethod(resolved)="<IDEDistributionMethodDevelopmentSigned: 0x600006204870>", team(resolved)="<IDEProvisioningDisambiguatableBasicTeam: 0x600003c09100; teamID='D3863F89RQ', teamName='ACTIVE WORKFORCE PRO PTY LTD', teamType='Company', username='info@activeworkforcepro.com.au', isFreeProvisioningTeam='0'>">
	Chain (16, self inclusive):
	<IDEDistributionProcessingPipelineContext: 0x32a639df0; archive = "<IDEArchive: 0x60001c9eb8e0>", distributionMethod="<IDEDistributionMethodDevelopmentSigned: 0x600006204870>", team="<IDEProvisioningDisambiguatableBasicTeam: 0x600003c09100; teamID='D3863F89RQ', teamName='ACTIVE WORKFORCE PRO PTY LTD', teamType='Company', username='info@activeworkforcepro.com.au', isFreeProvisioningTeam='0'>">
	<IDEDistributionProcessingPipelineContext: 0x32a664af0; archive = "<IDEArchive: 0x60001c9eb8e0>", distributionMethod="<IDEDistributionMethodDevelopmentSigned: 0x600006204870>", team="<IDEProvisioningDisambiguatableBasicTeam: 0x600003c09100; teamID='D3863F89RQ', teamName='ACTIVE WORKFORCE PRO PTY LTD', teamType='Company', username='info@activeworkforcepro.com.au', isFreeProvisioningTeam='0'>">
	<IDEDistributionContext: 0x32a63a490; archive = "<IDEArchive: 0x60001c9eb8e0>", distributionMethod="<IDEDistributionMethodDevelopmentSigned: 0x600006204870>", team="<IDEProvisioningDisambiguatableBasicTeam: 0x600003c09100; teamID='D3863F89RQ', teamName='ACTIVE WORKFORCE PRO PTY LTD', teamType='Company', username='info@activeworkforcepro.com.au', isFreeProvisioningTeam='0'>">
	<IDEDistributionContext: 0x32a637e70; archive = "<IDEArchive: 0x60001c9eb8e0>", distributionMethod="<IDEDistributionMethodDevelopmentSigned: 0x600006204870>", team="<IDEProvisioningDisambiguatableBasicTeam: 0x600003c09100; teamID='D3863F89RQ', teamName='ACTIVE WORKFORCE PRO PTY LTD', teamType='Company', username='info@activeworkforcepro.com.au', isFreeProvisioningTeam='0'>">
	<IDEDistributionContext: 0x32a6375b0; archive = "<IDEArchive: 0x60001c9eb8e0>", distributionMethod="<IDEDistributionMethodDevelopmentSigned: 0x600006204870>", team="<IDEProvisioningDisambiguatableBasicTeam: 0x600003c09100; teamID='D3863F89RQ', teamName='ACTIVE WORKFORCE PRO PTY LTD', teamType='Company', username='info@activeworkforcepro.com.au', isFreeProvisioningTeam='0'>">
	<IDEDistributionContext: 0x32a672060; archive = "<IDEArchive: 0x60001c9eb8e0>", distributionMethod="<IDEDistributionMethodDevelopmentSigned: 0x600006204870>", team="<IDEProvisioningDisambiguatableBasicTeam: 0x600003c09100; teamID='D3863F89RQ', teamName='ACTIVE WORKFORCE PRO PTY LTD', teamType='Company', username='info@activeworkforcepro.com.au', isFreeProvisioningTeam='0'>">
	<IDEDistributionContext: 0x32a6727a0; archive = "<IDEArchive: 0x60001c9eb8e0>", distributionMethod="<IDEDistributionMethodDevelopmentSigned: 0x600006204870>", team="<IDEProvisioningDisambiguatableBasicTeam: 0x600003c09100; teamID='D3863F89RQ', teamName='ACTIVE WORKFORCE PRO PTY LTD', teamType='Company', username='info@activeworkforcepro.com.au', isFreeProvisioningTeam='0'>">
	<IDEDistributionContext: 0x32a673890; archive = "<IDEArchive: 0x60001c9eb8e0>", distributionMethod="<IDEDistributionMethodDevelopmentSigned: 0x600006204870>", team="<IDEProvisioningDisambiguatableBasicTeam: 0x600003c09100; teamID='D3863F89RQ', teamName='ACTIVE WORKFORCE PRO PTY LTD', teamType='Company', username='info@activeworkforcepro.com.au', isFreeProvisioningTeam='0'>">
	<IDEDistributionContext: 0x32a636960; archive = "<IDEArchive: 0x60001c9eb8e0>", distributionMethod="<IDEDistributionMethodDevelopmentSigned: 0x600006204870>", team="<IDEProvisioningDisambiguatableBasicTeam: 0x600003c09100; teamID='D3863F89RQ', teamName='ACTIVE WORKFORCE PRO PTY LTD', teamType='Company', username='info@activeworkforcepro.com.au', isFreeProvisioningTeam='0'>">
	<IDEDistributionContext: 0x32a636750; archive = "<IDEArchive: 0x60001c9eb8e0>", distributionMethod="<IDEDistributionMethodDevelopmentSigned: 0x600006204870>", team="(null)">
	<IDEDistributionContext: 0x329971a90; archive = "<IDEArchive: 0x60001c9eb8e0>", distributionMethod="<IDEDistributionMethodDevelopmentSigned: 0x600006204870>", team="(null)">
	<IDEDistributionContext: 0x329971880; archive = "<IDEArchive: 0x60001c9eb8e0>", distributionMethod="<IDEDistributionMethodDevelopmentSigned: 0x600006204870>", team="(null)">
	<IDEDistributionContext: 0x32a647bd0; archive = "<IDEArchive: 0x60001c9eb8e0>", distributionMethod="<IDEDistributionMethodDevelopmentSigned: 0x600006204870>", team="(null)">
	<IDEDistributionContext: 0x130fa0030; archive = "<IDEArchive: 0x60001c9eb8e0>", distributionMethod="(null)", team="(null)">
	<IDEDistributionContext: 0x3293d5130; archive = "<IDEArchive: 0x60001c9eb8e0>", distributionMethod="(null)", team="(null)">
	<IDEDistributionContext: 0x3293db150; archive = "<IDEArchive: 0x60001c9eb8e0>", distributionMethod="(null)", team="(null)">
</IDEDistributionProcessingPipelineContext: 0x32a639df0>
2024-11-13 12:14:16 +0000  Processing step: IDEDistributionCreateDestRootStep
2024-11-13 12:14:16 +0000  Processing step: IDEDistributionCopyItemStep
2024-11-13 12:14:16 +0000  Running /usr/bin/ditto '-V' '/Users/moustafa/Library/Developer/Xcode/Archives/2024-11-13/demoapp 13-11-24, 5.42 PM.xcarchive/Products/Applications/demoapp.app' '/var/folders/_t/6dz1j2mx14q7l9p3lr6rhmx80000gn/T/XcodeDistPipeline.~~~iZP50T/Root/Payload/demoapp.app'
2024-11-13 12:14:16 +0000  >>> Copying /Users/moustafa/Library/Developer/Xcode/Archives/2024-11-13/demoapp 13-11-24, 5.42 PM.xcarchive/Products/Applications/demoapp.app 
2024-11-13 12:14:16 +0000  copying file ./_CodeSignature/CodeResources ... 
2024-11-13 12:14:16 +0000  37470 bytes for ./_CodeSignature/CodeResources
2024-11-13 12:14:16 +0000  copying file ./Fontisto.ttf ... 
2024-11-13 12:14:16 +0000  313528 bytes for ./Fontisto.ttf
2024-11-13 12:14:16 +0000  copying file ./Octicons.ttf ... 
2024-11-13 12:14:16 +0000  49404 bytes for ./Octicons.ttf
2024-11-13 12:14:16 +0000  copying file ./Feather.ttf ... 
2024-11-13 12:14:16 +0000  56228 bytes for ./Feather.ttf
2024-11-13 12:14:16 +0000  copying file ./FontAwesome6_Regular.ttf ... 
2024-11-13 12:14:16 +0000  67976 bytes for ./FontAwesome6_Regular.ttf
2024-11-13 12:14:16 +0000  copying file ./Entypo.ttf ... 
2024-11-13 12:14:16 +0000  66200 bytes for ./Entypo.ttf
2024-11-13 12:14:16 +0000  copying file ./QBImagePicker.bundle/de.lproj/QBImagePicker.strings ... 
2024-11-13 12:14:16 +0000  1131 bytes for ./QBImagePicker.bundle/de.lproj/QBImagePicker.strings
2024-11-13 12:14:16 +0000  copying file ./QBImagePicker.bundle/zh-Hans.lproj/QBImagePicker.strings ... 
2024-11-13 12:14:16 +0000  1119 bytes for ./QBImagePicker.bundle/zh-Hans.lproj/QBImagePicker.strings
2024-11-13 12:14:16 +0000  copying file ./QBImagePicker.bundle/ja.lproj/QBImagePicker.strings ... 
2024-11-13 12:14:16 +0000  1214 bytes for ./QBImagePicker.bundle/ja.lproj/QBImagePicker.strings
2024-11-13 12:14:16 +0000  copying file ./QBImagePicker.bundle/en.lproj/QBImagePicker.strings ... 
2024-11-13 12:14:16 +0000  1064 bytes for ./QBImagePicker.bundle/en.lproj/QBImagePicker.strings
2024-11-13 12:14:16 +0000  copying file ./QBImagePicker.bundle/uk.lproj/QBImagePicker.strings ... 
2024-11-13 12:14:16 +0000  1398 bytes for ./QBImagePicker.bundle/uk.lproj/QBImagePicker.strings
2024-11-13 12:14:16 +0000  copying file ./QBImagePicker.bundle/QBImagePicker.storyboardc/QiH-NZ-ZGN-view-sD2-zK-ryo.nib/runtime.nib ... 
2024-11-13 12:14:16 +0000  10065 bytes for ./QBImagePicker.bundle/QBImagePicker.storyboardc/QiH-NZ-ZGN-view-sD2-zK-ryo.nib/runtime.nib
2024-11-13 12:14:16 +0000  copying file ./QBImagePicker.bundle/QBImagePicker.storyboardc/QiH-NZ-ZGN-view-sD2-zK-ryo.nib/objects-12.3+.nib ... 
2024-11-13 12:14:16 +0000  10292 bytes for ./QBImagePicker.bundle/QBImagePicker.storyboardc/QiH-NZ-ZGN-view-sD2-zK-ryo.nib/objects-12.3+.nib
2024-11-13 12:14:16 +0000  copying file ./QBImagePicker.bundle/QBImagePicker.storyboardc/QBAlbumsViewController.nib/runtime.nib ... 
2024-11-13 12:14:16 +0000  1800 bytes for ./QBImagePicker.bundle/QBImagePicker.storyboardc/QBAlbumsViewController.nib/runtime.nib
2024-11-13 12:14:16 +0000  copying file ./QBImagePicker.bundle/QBImagePicker.storyboardc/QBAlbumsViewController.nib/objects-12.3+.nib ... 
2024-11-13 12:14:16 +0000  1800 bytes for ./QBImagePicker.bundle/QBImagePicker.storyboardc/QBAlbumsViewController.nib/objects-12.3+.nib
2024-11-13 12:14:16 +0000  copying file ./QBImagePicker.bundle/QBImagePicker.storyboardc/QBAssetsViewController.nib/runtime.nib ... 
2024-11-13 12:14:16 +0000  1393 bytes for ./QBImagePicker.bundle/QBImagePicker.storyboardc/QBAssetsViewController.nib/runtime.nib
2024-11-13 12:14:16 +0000  copying file ./QBImagePicker.bundle/QBImagePicker.storyboardc/QBAssetsViewController.nib/objects-12.3+.nib ... 
2024-11-13 12:14:16 +0000  1393 bytes for ./QBImagePicker.bundle/QBImagePicker.storyboardc/QBAssetsViewController.nib/objects-12.3+.nib
2024-11-13 12:14:16 +0000  copying file ./QBImagePicker.bundle/QBImagePicker.storyboardc/QL5-wR-LYt-view-66K-TS-Yoc.nib/runtime.nib ... 
2024-11-13 12:14:16 +0000  7037 bytes for ./QBImagePicker.bundle/QBImagePicker.storyboardc/QL5-wR-LYt-view-66K-TS-Yoc.nib/runtime.nib
2024-11-13 12:14:16 +0000  copying file ./QBImagePicker.bundle/QBImagePicker.storyboardc/QL5-wR-LYt-view-66K-TS-Yoc.nib/objects-12.3+.nib ... 
2024-11-13 12:14:16 +0000  7037 bytes for ./QBImagePicker.bundle/QBImagePicker.storyboardc/QL5-wR-LYt-view-66K-TS-Yoc.nib/objects-12.3+.nib
2024-11-13 12:14:16 +0000  copying file ./QBImagePicker.bundle/QBImagePicker.storyboardc/QBAlbumsNavigationController.nib/runtime.nib ... 
2024-11-13 12:14:16 +0000  2631 bytes for ./QBImagePicker.bundle/QBImagePicker.storyboardc/QBAlbumsNavigationController.nib/runtime.nib
2024-11-13 12:14:16 +0000  copying file ./QBImagePicker.bundle/QBImagePicker.storyboardc/QBAlbumsNavigationController.nib/objects-12.3+.nib ... 
2024-11-13 12:14:16 +0000  2631 bytes for ./QBImagePicker.bundle/QBImagePicker.storyboardc/QBAlbumsNavigationController.nib/objects-12.3+.nib
2024-11-13 12:14:16 +0000  copying file ./QBImagePicker.bundle/QBImagePicker.storyboardc/Info.plist ... 
2024-11-13 12:14:16 +0000  289 bytes for ./QBImagePicker.bundle/QBImagePicker.storyboardc/Info.plist
2024-11-13 12:14:16 +0000  copying file ./QBImagePicker.bundle/nb.lproj/QBImagePicker.strings ... 
2024-11-13 12:14:16 +0000  1076 bytes for ./QBImagePicker.bundle/nb.lproj/QBImagePicker.strings
2024-11-13 12:14:16 +0000  copying file ./QBImagePicker.bundle/es.lproj/QBImagePicker.strings ... 
2024-11-13 12:14:16 +0000  1113 bytes for ./QBImagePicker.bundle/es.lproj/QBImagePicker.strings
2024-11-13 12:14:16 +0000  copying file ./QBImagePicker.bundle/da.lproj/QBImagePicker.strings ... 
2024-11-13 12:14:16 +0000  1015 bytes for ./QBImagePicker.bundle/da.lproj/QBImagePicker.strings
2024-11-13 12:14:16 +0000  copying file ./QBImagePicker.bundle/it.lproj/QBImagePicker.strings ... 
2024-11-13 12:14:16 +0000  1088 bytes for ./QBImagePicker.bundle/it.lproj/QBImagePicker.strings
2024-11-13 12:14:16 +0000  copying file ./QBImagePicker.bundle/sv.lproj/QBImagePicker.strings ... 
2024-11-13 12:14:16 +0000  1082 bytes for ./QBImagePicker.bundle/sv.lproj/QBImagePicker.strings
2024-11-13 12:14:16 +0000  copying file ./QBImagePicker.bundle/ko.lproj/QBImagePicker.strings ... 
2024-11-13 12:14:16 +0000  1139 bytes for ./QBImagePicker.bundle/ko.lproj/QBImagePicker.strings
2024-11-13 12:14:16 +0000  copying file ./QBImagePicker.bundle/zh-Hant.lproj/QBImagePicker.strings ... 
2024-11-13 12:14:16 +0000  1119 bytes for ./QBImagePicker.bundle/zh-Hant.lproj/QBImagePicker.strings
2024-11-13 12:14:16 +0000  copying file ./QBImagePicker.bundle/tr.lproj/QBImagePicker.strings ... 
2024-11-13 12:14:16 +0000  1104 bytes for ./QBImagePicker.bundle/tr.lproj/QBImagePicker.strings
2024-11-13 12:14:16 +0000  copying file ./QBImagePicker.bundle/pl.lproj/QBImagePicker.strings ... 
2024-11-13 12:14:16 +0000  1119 bytes for ./QBImagePicker.bundle/pl.lproj/QBImagePicker.strings
2024-11-13 12:14:16 +0000  copying file ./QBImagePicker.bundle/vi.lproj/QBImagePicker.strings ... 
2024-11-13 12:14:16 +0000  1143 bytes for ./QBImagePicker.bundle/vi.lproj/QBImagePicker.strings
2024-11-13 12:14:16 +0000  copying file ./QBImagePicker.bundle/ru.lproj/QBImagePicker.strings ... 
2024-11-13 12:14:16 +0000  1433 bytes for ./QBImagePicker.bundle/ru.lproj/QBImagePicker.strings
2024-11-13 12:14:16 +0000  copying file ./QBImagePicker.bundle/fr.lproj/QBImagePicker.strings ... 
2024-11-13 12:14:16 +0000  1153 bytes for ./QBImagePicker.bundle/fr.lproj/QBImagePicker.strings
2024-11-13 12:14:16 +0000  copying file ./QBImagePicker.bundle/fi.lproj/QBImagePicker.strings ... 
2024-11-13 12:14:16 +0000  1002 bytes for ./QBImagePicker.bundle/fi.lproj/QBImagePicker.strings
2024-11-13 12:14:16 +0000  copying file ./QBImagePicker.bundle/pt.lproj/QBImagePicker.strings ... 
2024-11-13 12:14:16 +0000  1112 bytes for ./QBImagePicker.bundle/pt.lproj/QBImagePicker.strings
2024-11-13 12:14:16 +0000  copying file ./QBImagePicker.bundle/ro.lproj/QBImagePicker.strings ... 
2024-11-13 12:14:16 +0000  1127 bytes for ./QBImagePicker.bundle/ro.lproj/QBImagePicker.strings
2024-11-13 12:14:16 +0000  copying file ./QBImagePicker.bundle/Info.plist ... 
2024-11-13 12:14:16 +0000  770 bytes for ./QBImagePicker.bundle/Info.plist
2024-11-13 12:14:16 +0000  copying file ./FontAwesome5_Brands.ttf ... 
2024-11-13 12:14:16 +0000  134040 bytes for ./FontAwesome5_Brands.ttf
2024-11-13 12:14:16 +0000  copying file ./MaterialCommunityIcons.ttf ... 
2024-11-13 12:14:16 +0000  1147844 bytes for ./MaterialCommunityIcons.ttf
2024-11-13 12:14:16 +0000  copying file ./AppIcon60x60@2x.png ... 
2024-11-13 12:14:16 +0000  10936 bytes for ./AppIcon60x60@2x.png
2024-11-13 12:14:16 +0000  copying file ./AntDesign.ttf ... 
2024-11-13 12:14:16 +0000  70344 bytes for ./AntDesign.ttf
2024-11-13 12:14:16 +0000  copying file ./Foundation.ttf ... 
2024-11-13 12:14:16 +0000  56976 bytes for ./Foundation.ttf
2024-11-13 12:14:16 +0000  copying file ./Ionicons.ttf ... 
2024-11-13 12:14:16 +0000  442604 bytes for ./Ionicons.ttf
2024-11-13 12:14:16 +0000  copying file ./FontAwesome5_Solid.ttf ... 
2024-11-13 12:14:16 +0000  202744 bytes for ./FontAwesome5_Solid.ttf
2024-11-13 12:14:16 +0000  copying file ./FontAwesome5_Regular.ttf ... 
2024-11-13 12:14:16 +0000  33736 bytes for ./FontAwesome5_Regular.ttf
2024-11-13 12:14:16 +0000  copying file ./RNDeviceInfoPrivacyInfo.bundle/PrivacyInfo.xcprivacy ... 
2024-11-13 12:14:16 +0000  1159 bytes for ./RNDeviceInfoPrivacyInfo.bundle/PrivacyInfo.xcprivacy
2024-11-13 12:14:16 +0000  copying file ./RNDeviceInfoPrivacyInfo.bundle/Info.plist ... 
2024-11-13 12:14:16 +0000  792 bytes for ./RNDeviceInfoPrivacyInfo.bundle/Info.plist
2024-11-13 12:14:16 +0000  copying file ./AccessibilityResources.bundle/en.lproj/Localizable.strings ... 
2024-11-13 12:14:16 +0000  518 bytes for ./AccessibilityResources.bundle/en.lproj/Localizable.strings
2024-11-13 12:14:16 +0000  copying file ./AccessibilityResources.bundle/Info.plist ... 
2024-11-13 12:14:16 +0000  790 bytes for ./AccessibilityResources.bundle/Info.plist
2024-11-13 12:14:16 +0000  copying file ./FontAwesome.ttf ... 
2024-11-13 12:14:16 +0000  165548 bytes for ./FontAwesome.ttf
2024-11-13 12:14:16 +0000  copying file ./Toast.bundle/PrivacyInfo.xcprivacy ... 
2024-11-13 12:14:16 +0000  372 bytes for ./Toast.bundle/PrivacyInfo.xcprivacy
2024-11-13 12:14:16 +0000  copying file ./Toast.bundle/Info.plist ... 
2024-11-13 12:14:16 +0000  753 bytes for ./Toast.bundle/Info.plist
2024-11-13 12:14:16 +0000  copying file ./Zocial.ttf ... 
2024-11-13 12:14:16 +0000  25788 bytes for ./Zocial.ttf
2024-11-13 12:14:16 +0000  copying file ./demoapp ... 
2024-11-13 12:14:16 +0000  5440624 bytes for ./demoapp
2024-11-13 12:14:16 +0000  copying file ./Assets.car ... 
2024-11-13 12:14:16 +0000  370335 bytes for ./Assets.car
2024-11-13 12:14:16 +0000  copying file ./EvilIcons.ttf ... 
2024-11-13 12:14:16 +0000  13456 bytes for ./EvilIcons.ttf
2024-11-13 12:14:16 +0000  copying file ./AppIcon76x76@2x~ipad.png ... 
2024-11-13 12:14:16 +0000  14832 bytes for ./AppIcon76x76@2x~ipad.png
2024-11-13 12:14:16 +0000  copying file ./FontAwesome6_Solid.ttf ... 
2024-11-13 12:14:16 +0000  423676 bytes for ./FontAwesome6_Solid.ttf
2024-11-13 12:14:16 +0000  copying file ./LaunchScreen.storyboardc/01J-lp-oVM-view-Ze5-6b-2t3.nib ... 
2024-11-13 12:14:16 +0000  3774 bytes for ./LaunchScreen.storyboardc/01J-lp-oVM-view-Ze5-6b-2t3.nib
2024-11-13 12:14:16 +0000  copying file ./LaunchScreen.storyboardc/UIViewController-01J-lp-oVM.nib ... 
2024-11-13 12:14:16 +0000  924 bytes for ./LaunchScreen.storyboardc/UIViewController-01J-lp-oVM.nib
2024-11-13 12:14:16 +0000  copying file ./LaunchScreen.storyboardc/Info.plist ... 
2024-11-13 12:14:16 +0000  258 bytes for ./LaunchScreen.storyboardc/Info.plist
2024-11-13 12:14:16 +0000  copying file ./TOCropViewControllerBundle.bundle/de.lproj/TOCropViewControllerLocalizable.strings ... 
2024-11-13 12:14:16 +0000  189 bytes for ./TOCropViewControllerBundle.bundle/de.lproj/TOCropViewControllerLocalizable.strings
2024-11-13 12:14:16 +0000  copying file ./TOCropViewControllerBundle.bundle/ar.lproj/TOCropViewControllerLocalizable.strings ... 
2024-11-13 12:14:16 +0000  207 bytes for ./TOCropViewControllerBundle.bundle/ar.lproj/TOCropViewControllerLocalizable.strings
2024-11-13 12:14:16 +0000  copying file ./TOCropViewControllerBundle.bundle/zh-Hans.lproj/TOCropViewControllerLocalizable.strings ... 
2024-11-13 12:14:16 +0000  172 bytes for ./TOCropViewControllerBundle.bundle/zh-Hans.lproj/TOCropViewControllerLocalizable.strings
2024-11-13 12:14:16 +0000  copying file ./TOCropViewControllerBundle.bundle/ja.lproj/TOCropViewControllerLocalizable.strings ... 
2024-11-13 12:14:16 +0000  210 bytes for ./TOCropViewControllerBundle.bundle/ja.lproj/TOCropViewControllerLocalizable.strings
2024-11-13 12:14:16 +0000  copying file ./TOCropViewControllerBundle.bundle/fa.lproj/TOCropViewControllerLocalizable.strings ... 
2024-11-13 12:14:16 +0000  210 bytes for ./TOCropViewControllerBundle.bundle/fa.lproj/TOCropViewControllerLocalizable.strings
2024-11-13 12:14:16 +0000  copying file ./TOCropViewControllerBundle.bundle/en.lproj/TOCropViewControllerLocalizable.strings ... 
2024-11-13 12:14:16 +0000  168 bytes for ./TOCropViewControllerBundle.bundle/en.lproj/TOCropViewControllerLocalizable.strings
2024-11-13 12:14:16 +0000  copying file ./TOCropViewControllerBundle.bundle/uk.lproj/TOCropViewControllerLocalizable.strings ... 
2024-11-13 12:14:16 +0000  231 bytes for ./TOCropViewControllerBundle.bundle/uk.lproj/TOCropViewControllerLocalizable.strings
2024-11-13 12:14:16 +0000  copying file ./TOCropViewControllerBundle.bundle/es.lproj/TOCropViewControllerLocalizable.strings ... 
2024-11-13 12:14:16 +0000  179 bytes for ./TOCropViewControllerBundle.bundle/es.lproj/TOCropViewControllerLocalizable.strings
2024-11-13 12:14:16 +0000  copying file ./TOCropViewControllerBundle.bundle/it.lproj/TOCropViewControllerLocalizable.strings ... 
2024-11-13 12:14:16 +0000  181 bytes for ./TOCropViewControllerBundle.bundle/it.lproj/TOCropViewControllerLocalizable.strings
2024-11-13 12:14:16 +0000  copying file ./TOCropViewControllerBundle.bundle/sk.lproj/TOCropViewControllerLocalizable.strings ... 
2024-11-13 12:14:16 +0000  176 bytes for ./TOCropViewControllerBundle.bundle/sk.lproj/TOCropViewControllerLocalizable.strings
2024-11-13 12:14:16 +0000  copying file ./TOCropViewControllerBundle.bundle/ms.lproj/TOCropViewControllerLocalizable.strings ... 
2024-11-13 12:14:16 +0000  173 bytes for ./TOCropViewControllerBundle.bundle/ms.lproj/TOCropViewControllerLocalizable.strings
2024-11-13 12:14:16 +0000  copying file ./TOCropViewControllerBundle.bundle/cs.lproj/TOCropViewControllerLocalizable.strings ... 
2024-11-13 12:14:16 +0000  173 bytes for ./TOCropViewControllerBundle.bundle/cs.lproj/TOCropViewControllerLocalizable.strings
2024-11-13 12:14:16 +0000  copying file ./TOCropViewControllerBundle.bundle/ko.lproj/TOCropViewControllerLocalizable.strings ... 
2024-11-13 12:14:16 +0000  187 bytes for ./TOCropViewControllerBundle.bundle/ko.lproj/TOCropViewControllerLocalizable.strings
2024-11-13 12:14:16 +0000  copying file ./TOCropViewControllerBundle.bundle/Base.lproj/TOCropViewControllerLocalizable.strings ... 
2024-11-13 12:14:16 +0000  168 bytes for ./TOCropViewControllerBundle.bundle/Base.lproj/TOCropViewControllerLocalizable.strings
2024-11-13 12:14:16 +0000  copying file ./TOCropViewControllerBundle.bundle/zh-Hant.lproj/TOCropViewControllerLocalizable.strings ... 
2024-11-13 12:14:16 +0000  175 bytes for ./TOCropViewControllerBundle.bundle/zh-Hant.lproj/TOCropViewControllerLocalizable.strings
2024-11-13 12:14:16 +0000  copying file ./TOCropViewControllerBundle.bundle/fa-IR.lproj/TOCropViewControllerLocalizable.strings ... 
2024-11-13 12:14:16 +0000  210 bytes for ./TOCropViewControllerBundle.bundle/fa-IR.lproj/TOCropViewControllerLocalizable.strings
2024-11-13 12:14:16 +0000  copying file ./TOCropViewControllerBundle.bundle/hu.lproj/TOCropViewControllerLocalizable.strings ... 
2024-11-13 12:14:16 +0000  194 bytes for ./TOCropViewControllerBundle.bundle/hu.lproj/TOCropViewControllerLocalizable.strings
2024-11-13 12:14:16 +0000  copying file ./TOCropViewControllerBundle.bundle/da-DK.lproj/TOCropViewControllerLocalizable.strings ... 
2024-11-13 12:14:16 +0000  174 bytes for ./TOCropViewControllerBundle.bundle/da-DK.lproj/TOCropViewControllerLocalizable.strings
2024-11-13 12:14:16 +0000  copying file ./TOCropViewControllerBundle.bundle/tr.lproj/TOCropViewControllerLocalizable.strings ... 
2024-11-13 12:14:16 +0000  183 bytes for ./TOCropViewControllerBundle.bundle/tr.lproj/TOCropViewControllerLocalizable.strings
2024-11-13 12:14:16 +0000  copying file ./TOCropViewControllerBundle.bundle/pl.lproj/TOCropViewControllerLocalizable.strings ... 
2024-11-13 12:14:16 +0000  171 bytes for ./TOCropViewControllerBundle.bundle/pl.lproj/TOCropViewControllerLocalizable.strings
2024-11-13 12:14:16 +0000  copying file ./TOCropViewControllerBundle.bundle/pt-BR.lproj/TOCropViewControllerLocalizable.strings ... 
2024-11-13 12:14:16 +0000  181 bytes for ./TOCropViewControllerBundle.bundle/pt-BR.lproj/TOCropViewControllerLocalizable.strings
2024-11-13 12:14:16 +0000  copying file ./TOCropViewControllerBundle.bundle/vi.lproj/TOCropViewControllerLocalizable.strings ... 
2024-11-13 12:14:16 +0000  178 bytes for ./TOCropViewControllerBundle.bundle/vi.lproj/TOCropViewControllerLocalizable.strings
2024-11-13 12:14:16 +0000  copying file ./TOCropViewControllerBundle.bundle/PrivacyInfo.xcprivacy ... 
2024-11-13 12:14:16 +0000  373 bytes for ./TOCropViewControllerBundle.bundle/PrivacyInfo.xcprivacy
2024-11-13 12:14:16 +0000  copying file ./TOCropViewControllerBundle.bundle/ru.lproj/TOCropViewControllerLocalizable.strings ... 
2024-11-13 12:14:16 +0000  237 bytes for ./TOCropViewControllerBundle.bundle/ru.lproj/TOCropViewControllerLocalizable.strings
2024-11-13 12:14:16 +0000  copying file ./TOCropViewControllerBundle.bundle/fr.lproj/TOCropViewControllerLocalizable.strings ... 
2024-11-13 12:14:16 +0000  193 bytes for ./TOCropViewControllerBundle.bundle/fr.lproj/TOCropViewControllerLocalizable.strings
2024-11-13 12:14:16 +0000  copying file ./TOCropViewControllerBundle.bundle/fi.lproj/TOCropViewControllerLocalizable.strings ... 
2024-11-13 12:14:16 +0000  179 bytes for ./TOCropViewControllerBundle.bundle/fi.lproj/TOCropViewControllerLocalizable.strings
2024-11-13 12:14:16 +0000  copying file ./TOCropViewControllerBundle.bundle/id.lproj/TOCropViewControllerLocalizable.strings ... 
2024-11-13 12:14:16 +0000  178 bytes for ./TOCropViewControllerBundle.bundle/id.lproj/TOCropViewControllerLocalizable.strings
2024-11-13 12:14:16 +0000  copying file ./TOCropViewControllerBundle.bundle/nl.lproj/TOCropViewControllerLocalizable.strings ... 
2024-11-13 12:14:16 +0000  178 bytes for ./TOCropViewControllerBundle.bundle/nl.lproj/TOCropViewControllerLocalizable.strings
2024-11-13 12:14:16 +0000  copying file ./TOCropViewControllerBundle.bundle/pt.lproj/TOCropViewControllerLocalizable.strings ... 
2024-11-13 12:14:16 +0000  181 bytes for ./TOCropViewControllerBundle.bundle/pt.lproj/TOCropViewControllerLocalizable.strings
2024-11-13 12:14:16 +0000  copying file ./TOCropViewControllerBundle.bundle/ro.lproj/TOCropViewControllerLocalizable.strings ... 
2024-11-13 12:14:16 +0000  181 bytes for ./TOCropViewControllerBundle.bundle/ro.lproj/TOCropViewControllerLocalizable.strings
2024-11-13 12:14:16 +0000  copying file ./TOCropViewControllerBundle.bundle/Info.plist ... 
2024-11-13 12:14:16 +0000  797 bytes for ./TOCropViewControllerBundle.bundle/Info.plist
2024-11-13 12:14:16 +0000  copying file ./TOCropViewControllerBundle.bundle/ca.lproj/TOCropViewControllerLocalizable.strings ... 
2024-11-13 12:14:16 +0000  177 bytes for ./TOCropViewControllerBundle.bundle/ca.lproj/TOCropViewControllerLocalizable.strings
2024-11-13 12:14:16 +0000  copying file ./Frameworks/hermes.framework/_CodeSignature/CodeResources ... 
2024-11-13 12:14:16 +0000  1798 bytes for ./Frameworks/hermes.framework/_CodeSignature/CodeResources
2024-11-13 12:14:16 +0000  copying file ./Frameworks/hermes.framework/hermes ... 
2024-11-13 12:14:16 +0000  508276416 bytes for ./Frameworks/hermes.framework/hermes
2024-11-13 12:14:16 +0000  copying file ./Frameworks/hermes.framework/Info.plist ... 
815 bytes for ./Frameworks/hermes.framework/Info.plist
copying file ./SimpleLineIcons.ttf ... 
2024-11-13 12:14:16 +0000  54056 bytes for ./SimpleLineIcons.ttf
2024-11-13 12:14:16 +0000  copying file ./FontAwesome6_Brands.ttf ... 
2024-11-13 12:14:16 +0000  209376 bytes for ./FontAwesome6_Brands.ttf
2024-11-13 12:14:16 +0000  copying file ./embedded.mobileprovision ... 
2024-11-13 12:14:16 +0000  20968 bytes for ./embedded.mobileprovision
2024-11-13 12:14:16 +0000  copying file ./Info.plist ... 
2024-11-13 12:14:16 +0000  2319 bytes for ./Info.plist
2024-11-13 12:14:16 +0000  copying file ./RNCAsyncStorage_resources.bundle/PrivacyInfo.xcprivacy ... 
2024-11-13 12:14:16 +0000  512 bytes for ./RNCAsyncStorage_resources.bundle/PrivacyInfo.xcprivacy
2024-11-13 12:14:16 +0000  copying file ./RNCAsyncStorage_resources.bundle/Info.plist ... 
2024-11-13 12:14:16 +0000  796 bytes for ./RNCAsyncStorage_resources.bundle/Info.plist
2024-11-13 12:14:16 +0000  copying file ./PkgInfo ... 
2024-11-13 12:14:16 +0000  8 bytes for ./PkgInfo
2024-11-13 12:14:16 +0000  copying file ./MaterialIcons.ttf ... 
2024-11-13 12:14:16 +0000  356840 bytes for ./MaterialIcons.ttf
2024-11-13 12:14:16 +0000  /usr/bin/ditto exited with 0
2024-11-13 12:14:16 +0000  Processing step: IDEDistributionEmbedProfileStep
2024-11-13 12:14:16 +0000  Skipping profile for item: <IDEDistributionItem: 0x6000085c3de0; bundleID='dev.hermesengine.iphoneos', path='<DVTFilePath:0x60001c9910a0:'/Users/moustafa/Library/Developer/Xcode/Archives/2024-11-13/demoapp 13-11-24, 5.42 PM.xcarchive/Products/Applications/demoapp.app/Frameworks/hermes.framework'>', codeSigningInfo='<_DVTCodeSigningInformation_Path: 0x60002860abc0; isSigned='1', isAdHocSigned='0', signingCertificate='<DVTSigningCertificate: 0x60000d531200; name='Apple Development: Moustafa Abouzied (SZDW4N9JK2)', hash='B0CB39698D5EB1492F2DF46559AD412F6A256EC1', serialNumber='271C5AB35BCC062806E8306734D87529', certificateKinds='(
    "1.2.840.113635.100.6.1.12",
    "1.2.840.113635.100.6.1.2"
), issueDate='2024-11-06 10:00:19 +0000''>', entitlements='(null)', teamID='D3863F89RQ', identifier='dev.hermesengine.iphoneos', executablePath='<DVTFilePath:0x600008a18060:'/Users/moustafa/Library/Developer/Xcode/Archives/2024-11-13/demoapp 13-11-24, 5.42 PM.xcarchive/Products/Applications/demoapp.app/Frameworks/hermes.framework/hermes'>', hardenedRuntime='0'>'>
2024-11-13 12:14:16 +0000  Processing step: IDEDistributionInfoPlistStep
2024-11-13 12:14:16 +0000  Skipping step: IDEDistributionInfoPlistStep because it said so
2024-11-13 12:14:16 +0000  Skipping step: IDEDistributionInfoPlistStep because it said so
2024-11-13 12:14:16 +0000  Processing step: IDEDistributionAppThinningPlistStep
2024-11-13 12:14:16 +0000  Skipping step: IDEDistributionAppThinningPlistStep because it said so
2024-11-13 12:14:16 +0000  Processing step: IDEDistributionSymbolsStep
2024-11-13 12:14:16 +0000  Skipping step: IDEDistributionSymbolsStep because it said so
2024-11-13 12:14:16 +0000  Processing step: IDEDistributionAppThinningStep
2024-11-13 12:14:16 +0000  Skipping step: IDEDistributionAppThinningStep because it said so
2024-11-13 12:14:16 +0000  Processing step: IDEDistributionArchThinningStep
2024-11-13 12:14:16 +0000  Item /Users/moustafa/Library/Developer/Xcode/Archives/2024-11-13/demoapp 13-11-24, 5.42 PM.xcarchive/Products/Applications/demoapp.app/Frameworks/hermes.framework doesn't have the entitlement com.apple.developer.web-browser-engine.host enabled, returning ["arm64e"]
2024-11-13 12:14:16 +0000  Archs to thin for item /Users/moustafa/Library/Developer/Xcode/Archives/2024-11-13/demoapp 13-11-24, 5.42 PM.xcarchive/Products/Applications/demoapp.app/Frameworks/hermes.framework are ["arm64e"]
2024-11-13 12:14:16 +0000  Running /Applications/Xcode.app/Contents/Developer/Toolchains/XcodeDefault.xctoolchain/usr/bin/lipo '/var/folders/_t/6dz1j2mx14q7l9p3lr6rhmx80000gn/T/XcodeDistPipeline.~~~iZP50T/Root/Payload/demoapp.app/Frameworks/hermes.framework/hermes' '-verify_arch' 'arm64e'
2024-11-13 12:14:16 +0000  /Applications/Xcode.app/Contents/Developer/Toolchains/XcodeDefault.xctoolchain/usr/bin/lipo exited with 1
2024-11-13 12:14:16 +0000  Skipping architecture thinning for item "hermes" because arch "arm64e" wasn't found
2024-11-13 12:14:16 +0000  Item /Users/moustafa/Library/Developer/Xcode/Archives/2024-11-13/demoapp 13-11-24, 5.42 PM.xcarchive/Products/Applications/demoapp.app doesn't have the entitlement com.apple.developer.web-browser-engine.host enabled, returning ["arm64e"]
2024-11-13 12:14:16 +0000  Archs to thin for item /Users/moustafa/Library/Developer/Xcode/Archives/2024-11-13/demoapp 13-11-24, 5.42 PM.xcarchive/Products/Applications/demoapp.app are ["arm64e"]
2024-11-13 12:14:16 +0000  Running /Applications/Xcode.app/Contents/Developer/Toolchains/XcodeDefault.xctoolchain/usr/bin/lipo '/var/folders/_t/6dz1j2mx14q7l9p3lr6rhmx80000gn/T/XcodeDistPipeline.~~~iZP50T/Root/Payload/demoapp.app/demoapp' '-verify_arch' 'arm64e'
2024-11-13 12:14:16 +0000  /Applications/Xcode.app/Contents/Developer/Toolchains/XcodeDefault.xctoolchain/usr/bin/lipo exited with 1
2024-11-13 12:14:16 +0000  Skipping architecture thinning for item "demoapp" because arch "arm64e" wasn't found
2024-11-13 12:14:16 +0000  Processing step: IDEDistributionODRStep
2024-11-13 12:14:16 +0000  Processing step: IDEDistributionStripXattrsStep
2024-11-13 12:14:16 +0000  Skipping stripping extended attributes because the codesign step will strip them.
2024-11-13 12:14:16 +0000  Skipping stripping extended attributes because the codesign step will strip them.
2024-11-13 12:14:16 +0000  Processing step: IDEDistributionCodesignStep
2024-11-13 12:14:16 +0000  Entitlements for <IDEDistributionItem: 0x6000085c3de0; bundleID='dev.hermesengine.iphoneos', path='<DVTFilePath:0x60001c9910a0:'/Users/moustafa/Library/Developer/Xcode/Archives/2024-11-13/demoapp 13-11-24, 5.42 PM.xcarchive/Products/Applications/demoapp.app/Frameworks/hermes.framework'>', codeSigningInfo='<_DVTCodeSigningInformation_Path: 0x60002860abc0; isSigned='1', isAdHocSigned='0', signingCertificate='<DVTSigningCertificate: 0x60000d531200; name='Apple Development: Moustafa Abouzied (SZDW4N9JK2)', hash='B0CB39698D5EB1492F2DF46559AD412F6A256EC1', serialNumber='271C5AB35BCC062806E8306734D87529', certificateKinds='(
    "1.2.840.113635.100.6.1.12",
    "1.2.840.113635.100.6.1.2"
), issueDate='2024-11-06 10:00:19 +0000''>', entitlements='(null)', teamID='D3863F89RQ', identifier='dev.hermesengine.iphoneos', executablePath='<DVTFilePath:0x600008a18060:'/Users/moustafa/Library/Developer/Xcode/Archives/2024-11-13/demoapp 13-11-24, 5.42 PM.xcarchive/Products/Applications/demoapp.app/Frameworks/hermes.framework/hermes'>', hardenedRuntime='0'>'>: {
}
2024-11-13 12:14:16 +0000  Associated App Clip Identifiers Filter: Skipping because "com.apple.developer.associated-appclip-app-identifiers" is not present
2024-11-13 12:14:16 +0000  Entitlements for <IDEDistributionItem: 0x6000085c3de0; bundleID='dev.hermesengine.iphoneos', path='<DVTFilePath:0x60001c9910a0:'/Users/moustafa/Library/Developer/Xcode/Archives/2024-11-13/demoapp 13-11-24, 5.42 PM.xcarchive/Products/Applications/demoapp.app/Frameworks/hermes.framework'>', codeSigningInfo='<_DVTCodeSigningInformation_Path: 0x60002860abc0; isSigned='1', isAdHocSigned='0', signingCertificate='<DVTSigningCertificate: 0x60000d531140; name='Apple Development: Moustafa Abouzied (SZDW4N9JK2)', hash='B0CB39698D5EB1492F2DF46559AD412F6A256EC1', serialNumber='271C5AB35BCC062806E8306734D87529', certificateKinds='(
    "1.2.840.113635.100.6.1.12",
    "1.2.840.113635.100.6.1.2"
), issueDate='2024-11-06 10:00:19 +0000''>', entitlements='(null)', teamID='D3863F89RQ', identifier='dev.hermesengine.iphoneos', executablePath='<DVTFilePath:0x600008a18060:'/Users/moustafa/Library/Developer/Xcode/Archives/2024-11-13/demoapp 13-11-24, 5.42 PM.xcarchive/Products/Applications/demoapp.app/Frameworks/hermes.framework/hermes'>', hardenedRuntime='0'>'> are: {
}
2024-11-13 12:14:16 +0000  Writing entitlements for <IDEDistributionItem: 0x6000085c3de0; bundleID='dev.hermesengine.iphoneos', path='<DVTFilePath:0x60001c9910a0:'/Users/moustafa/Library/Developer/Xcode/Archives/2024-11-13/demoapp 13-11-24, 5.42 PM.xcarchive/Products/Applications/demoapp.app/Frameworks/hermes.framework'>', codeSigningInfo='<_DVTCodeSigningInformation_Path: 0x60002860abc0; isSigned='1', isAdHocSigned='0', signingCertificate='<DVTSigningCertificate: 0x60000d5312c0; name='Apple Development: Moustafa Abouzied (SZDW4N9JK2)', hash='B0CB39698D5EB1492F2DF46559AD412F6A256EC1', serialNumber='271C5AB35BCC062806E8306734D87529', certificateKinds='(
    "1.2.840.113635.100.6.1.12",
    "1.2.840.113635.100.6.1.2"
), issueDate='2024-11-06 10:00:19 +0000''>', entitlements='(null)', teamID='D3863F89RQ', identifier='dev.hermesengine.iphoneos', executablePath='<DVTFilePath:0x600008a18060:'/Users/moustafa/Library/Developer/Xcode/Archives/2024-11-13/demoapp 13-11-24, 5.42 PM.xcarchive/Products/Applications/demoapp.app/Frameworks/hermes.framework/hermes'>', hardenedRuntime='0'>'> to: /var/folders/_t/6dz1j2mx14q7l9p3lr6rhmx80000gn/T/XcodeDistPipeline.~~~iZP50T/entitlements~~~zOlD4j
2024-11-13 12:14:16 +0000  invoking codesign: <NSConcreteTask: 0x60002864cc80; launchPath='/usr/bin/codesign', arguments='(
    "-f",
    "-s",
    B0CB39698D5EB1492F2DF46559AD412F6A256EC1,
    "--entitlements",
    "/var/folders/_t/6dz1j2mx14q7l9p3lr6rhmx80000gn/T/XcodeDistPipeline.~~~iZP50T/entitlements~~~zOlD4j",
    "--preserve-metadata=identifier,flags,runtime",
    "--generate-entitlement-der",
    "--strip-disallowed-xattrs",
    "-vvv",
    "/var/folders/_t/6dz1j2mx14q7l9p3lr6rhmx80000gn/T/XcodeDistPipeline.~~~iZP50T/Root/Payload/demoapp.app/Frameworks/hermes.framework"
)'>
2024-11-13 12:14:17 +0000  codesign output: /var/folders/_t/6dz1j2mx14q7l9p3lr6rhmx80000gn/T/XcodeDistPipeline.~~~iZP50T/Root/Payload/demoapp.app/Frameworks/hermes.framework: replacing existing signature
/var/folders/_t/6dz1j2mx14q7l9p3lr6rhmx80000gn/T/XcodeDistPipeline.~~~iZP50T/Root/Payload/demoapp.app/Frameworks/hermes.framework: signed bundle with Mach-O thin (arm64) [dev.hermesengine.iphoneos]
2024-11-13 12:14:17 +0000  Entitlements for <IDEDistributionItem: 0x6000085c3000; bundleID='com.activeworkforcepro.app', path='<DVTFilePath:0x600008a1f8a0:'/Users/moustafa/Library/Developer/Xcode/Archives/2024-11-13/demoapp 13-11-24, 5.42 PM.xcarchive/Products/Applications/demoapp.app'>', codeSigningInfo='<_DVTCodeSigningInformation_Path: 0x600028603750; isSigned='1', isAdHocSigned='0', signingCertificate='<DVTSigningCertificate: 0x60000d5cdd40; name='Apple Development: Moustafa Abouzied (SZDW4N9JK2)', hash='B0CB39698D5EB1492F2DF46559AD412F6A256EC1', serialNumber='271C5AB35BCC062806E8306734D87529', certificateKinds='(
    "1.2.840.113635.100.6.1.12",
    "1.2.840.113635.100.6.1.2"
), issueDate='2024-11-06 10:00:19 +0000''>', entitlements='{
    "application-identifier" = "D3863F89RQ.com.activeworkforcepro.app";
    "com.apple.developer.team-identifier" = D3863F89RQ;
    "get-task-allow" = 1;
}', teamID='D3863F89RQ', identifier='com.activeworkforcepro.app', executablePath='<DVTFilePath:0x600008a1fde0:'/Users/moustafa/Library/Developer/Xcode/Archives/2024-11-13/demoapp 13-11-24, 5.42 PM.xcarchive/Products/Applications/demoapp.app/demoapp'>', hardenedRuntime='0'>'>: {
    "application-identifier" = "D3863F89RQ.com.activeworkforcepro.app";
    "com.apple.developer.team-identifier" = D3863F89RQ;
    "get-task-allow" = 1;
}
2024-11-13 12:14:17 +0000  Associated App Clip Identifiers Filter: Skipping because "com.apple.developer.associated-appclip-app-identifiers" is not present
2024-11-13 12:14:17 +0000  Entitlements for <IDEDistributionItem: 0x6000085c3000; bundleID='com.activeworkforcepro.app', path='<DVTFilePath:0x600008a1f8a0:'/Users/moustafa/Library/Developer/Xcode/Archives/2024-11-13/demoapp 13-11-24, 5.42 PM.xcarchive/Products/Applications/demoapp.app'>', codeSigningInfo='<_DVTCodeSigningInformation_Path: 0x600028603750; isSigned='1', isAdHocSigned='0', signingCertificate='<DVTSigningCertificate: 0x60001559e640; name='Apple Development: Moustafa Abouzied (SZDW4N9JK2)', hash='B0CB39698D5EB1492F2DF46559AD412F6A256EC1', serialNumber='271C5AB35BCC062806E8306734D87529', certificateKinds='(
    "1.2.840.113635.100.6.1.12",
    "1.2.840.113635.100.6.1.2"
), issueDate='2024-11-06 10:00:19 +0000''>', entitlements='{
    "application-identifier" = "D3863F89RQ.com.activeworkforcepro.app";
    "com.apple.developer.team-identifier" = D3863F89RQ;
    "get-task-allow" = 1;
}', teamID='D3863F89RQ', identifier='com.activeworkforcepro.app', executablePath='<DVTFilePath:0x600008a1fde0:'/Users/moustafa/Library/Developer/Xcode/Archives/2024-11-13/demoapp 13-11-24, 5.42 PM.xcarchive/Products/Applications/demoapp.app/demoapp'>', hardenedRuntime='0'>'> are: {
    "application-identifier" = "D3863F89RQ.com.activeworkforcepro.app";
    "com.apple.developer.team-identifier" = D3863F89RQ;
    "get-task-allow" = 1;
}
2024-11-13 12:14:17 +0000  Writing entitlements for <IDEDistributionItem: 0x6000085c3000; bundleID='com.activeworkforcepro.app', path='<DVTFilePath:0x600008a1f8a0:'/Users/moustafa/Library/Developer/Xcode/Archives/2024-11-13/demoapp 13-11-24, 5.42 PM.xcarchive/Products/Applications/demoapp.app'>', codeSigningInfo='<_DVTCodeSigningInformation_Path: 0x600028603750; isSigned='1', isAdHocSigned='0', signingCertificate='<DVTSigningCertificate: 0x60000d531200; name='Apple Development: Moustafa Abouzied (SZDW4N9JK2)', hash='B0CB39698D5EB1492F2DF46559AD412F6A256EC1', serialNumber='271C5AB35BCC062806E8306734D87529', certificateKinds='(
    "1.2.840.113635.100.6.1.12",
    "1.2.840.113635.100.6.1.2"
), issueDate='2024-11-06 10:00:19 +0000''>', entitlements='{
    "application-identifier" = "D3863F89RQ.com.activeworkforcepro.app";
    "com.apple.developer.team-identifier" = D3863F89RQ;
    "get-task-allow" = 1;
}', teamID='D3863F89RQ', identifier='com.activeworkforcepro.app', executablePath='<DVTFilePath:0x600008a1fde0:'/Users/moustafa/Library/Developer/Xcode/Archives/2024-11-13/demoapp 13-11-24, 5.42 PM.xcarchive/Products/Applications/demoapp.app/demoapp'>', hardenedRuntime='0'>'> to: /var/folders/_t/6dz1j2mx14q7l9p3lr6rhmx80000gn/T/XcodeDistPipeline.~~~iZP50T/entitlements~~~CIRXbU
2024-11-13 12:14:17 +0000  invoking codesign: <NSConcreteTask: 0x60002863ee40; launchPath='/usr/bin/codesign', arguments='(
    "-f",
    "-s",
    B0CB39698D5EB1492F2DF46559AD412F6A256EC1,
    "--entitlements",
    "/var/folders/_t/6dz1j2mx14q7l9p3lr6rhmx80000gn/T/XcodeDistPipeline.~~~iZP50T/entitlements~~~CIRXbU",
    "--preserve-metadata=identifier,flags,runtime",
    "--generate-entitlement-der",
    "--strip-disallowed-xattrs",
    "-vvv",
    "/var/folders/_t/6dz1j2mx14q7l9p3lr6rhmx80000gn/T/XcodeDistPipeline.~~~iZP50T/Root/Payload/demoapp.app"
)'>
2024-11-13 12:14:17 +0000  codesign output: /var/folders/_t/6dz1j2mx14q7l9p3lr6rhmx80000gn/T/XcodeDistPipeline.~~~iZP50T/Root/Payload/demoapp.app: replacing existing signature
/var/folders/_t/6dz1j2mx14q7l9p3lr6rhmx80000gn/T/XcodeDistPipeline.~~~iZP50T/Root/Payload/demoapp.app: signed app bundle with Mach-O thin (arm64) [com.activeworkforcepro.app]
2024-11-13 12:14:17 +0000  Processing step: IDEDistributionZipODRItemStep
2024-11-13 12:14:17 +0000  Skipping step: IDEDistributionZipODRItemStep because it said so
2024-11-13 12:14:17 +0000  Skipping step: IDEDistributionZipODRItemStep because it said so
2024-11-13 12:14:17 +0000  Processing step: IDEDistributionCreateIPAStep
2024-11-13 12:14:17 +0000  Running /usr/bin/ditto '-V' '-c' '-k' '--norsrc' '/var/folders/_t/6dz1j2mx14q7l9p3lr6rhmx80000gn/T/XcodeDistPipeline.~~~iZP50T/Root' '/var/folders/_t/6dz1j2mx14q7l9p3lr6rhmx80000gn/T/XcodeDistPipeline.~~~iZP50T/Packages/demoapp.ipa'
2024-11-13 12:14:17 +0000  >>> Copying /var/folders/_t/6dz1j2mx14q7l9p3lr6rhmx80000gn/T/XcodeDistPipeline.~~~iZP50T/Root 
2024-11-13 12:14:17 +0000  copying file ./Payload/demoapp.app/_CodeSignature/CodeResources ... 
2024-11-13 12:14:17 +0000  37470 bytes for ./Payload/demoapp.app/_CodeSignature/CodeResources
2024-11-13 12:14:17 +0000  copying file ./Payload/demoapp.app/Fontisto.ttf ... 
2024-11-13 12:14:17 +0000  313528 bytes for ./Payload/demoapp.app/Fontisto.ttf
2024-11-13 12:14:17 +0000  copying file ./Payload/demoapp.app/Octicons.ttf ... 
2024-11-13 12:14:17 +0000  49404 bytes for ./Payload/demoapp.app/Octicons.ttf
2024-11-13 12:14:17 +0000  copying file ./Payload/demoapp.app/Feather.ttf ... 
2024-11-13 12:14:17 +0000  56228 bytes for ./Payload/demoapp.app/Feather.ttf
2024-11-13 12:14:17 +0000  copying file ./Payload/demoapp.app/FontAwesome6_Regular.ttf ... 
2024-11-13 12:14:17 +0000  67976 bytes for ./Payload/demoapp.app/FontAwesome6_Regular.ttf
2024-11-13 12:14:17 +0000  copying file ./Payload/demoapp.app/Entypo.ttf ... 
2024-11-13 12:14:17 +0000  66200 bytes for ./Payload/demoapp.app/Entypo.ttf
2024-11-13 12:14:17 +0000  copying file ./Payload/demoapp.app/QBImagePicker.bundle/de.lproj/QBImagePicker.strings ... 
2024-11-13 12:14:17 +0000  1131 bytes for ./Payload/demoapp.app/QBImagePicker.bundle/de.lproj/QBImagePicker.strings
2024-11-13 12:14:17 +0000  copying file ./Payload/demoapp.app/QBImagePicker.bundle/zh-Hans.lproj/QBImagePicker.strings ... 
2024-11-13 12:14:17 +0000  1119 bytes for ./Payload/demoapp.app/QBImagePicker.bundle/zh-Hans.lproj/QBImagePicker.strings
2024-11-13 12:14:17 +0000  copying file ./Payload/demoapp.app/QBImagePicker.bundle/ja.lproj/QBImagePicker.strings ... 
2024-11-13 12:14:17 +0000  1214 bytes for ./Payload/demoapp.app/QBImagePicker.bundle/ja.lproj/QBImagePicker.strings
2024-11-13 12:14:17 +0000  copying file ./Payload/demoapp.app/QBImagePicker.bundle/en.lproj/QBImagePicker.strings ... 
2024-11-13 12:14:17 +0000  1064 bytes for ./Payload/demoapp.app/QBImagePicker.bundle/en.lproj/QBImagePicker.strings
2024-11-13 12:14:17 +0000  copying file ./Payload/demoapp.app/QBImagePicker.bundle/uk.lproj/QBImagePicker.strings ... 
2024-11-13 12:14:17 +0000  1398 bytes for ./Payload/demoapp.app/QBImagePicker.bundle/uk.lproj/QBImagePicker.strings
2024-11-13 12:14:17 +0000  copying file ./Payload/demoapp.app/QBImagePicker.bundle/QBImagePicker.storyboardc/QiH-NZ-ZGN-view-sD2-zK-ryo.nib/runtime.nib ... 
2024-11-13 12:14:17 +0000  10065 bytes for ./Payload/demoapp.app/QBImagePicker.bundle/QBImagePicker.storyboardc/QiH-NZ-ZGN-view-sD2-zK-ryo.nib/runtime.nib
2024-11-13 12:14:17 +0000  copying file ./Payload/demoapp.app/QBImagePicker.bundle/QBImagePicker.storyboardc/QiH-NZ-ZGN-view-sD2-zK-ryo.nib/objects-12.3+.nib ... 
2024-11-13 12:14:17 +0000  10292 bytes for ./Payload/demoapp.app/QBImagePicker.bundle/QBImagePicker.storyboardc/QiH-NZ-ZGN-view-sD2-zK-ryo.nib/objects-12.3+.nib
2024-11-13 12:14:17 +0000  copying file ./Payload/demoapp.app/QBImagePicker.bundle/QBImagePicker.storyboardc/QBAlbumsViewController.nib/runtime.nib ... 
2024-11-13 12:14:17 +0000  1800 bytes for ./Payload/demoapp.app/QBImagePicker.bundle/QBImagePicker.storyboardc/QBAlbumsViewController.nib/runtime.nib
2024-11-13 12:14:17 +0000  copying file ./Payload/demoapp.app/QBImagePicker.bundle/QBImagePicker.storyboardc/QBAlbumsViewController.nib/objects-12.3+.nib ... 
2024-11-13 12:14:17 +0000  1800 bytes for ./Payload/demoapp.app/QBImagePicker.bundle/QBImagePicker.storyboardc/QBAlbumsViewController.nib/objects-12.3+.nib
2024-11-13 12:14:17 +0000  copying file ./Payload/demoapp.app/QBImagePicker.bundle/QBImagePicker.storyboardc/QBAssetsViewController.nib/runtime.nib ... 
2024-11-13 12:14:17 +0000  1393 bytes for ./Payload/demoapp.app/QBImagePicker.bundle/QBImagePicker.storyboardc/QBAssetsViewController.nib/runtime.nib
2024-11-13 12:14:17 +0000  copying file ./Payload/demoapp.app/QBImagePicker.bundle/QBImagePicker.storyboardc/QBAssetsViewController.nib/objects-12.3+.nib ... 
2024-11-13 12:14:17 +0000  1393 bytes for ./Payload/demoapp.app/QBImagePicker.bundle/QBImagePicker.storyboardc/QBAssetsViewController.nib/objects-12.3+.nib
2024-11-13 12:14:17 +0000  copying file ./Payload/demoapp.app/QBImagePicker.bundle/QBImagePicker.storyboardc/QL5-wR-LYt-view-66K-TS-Yoc.nib/runtime.nib ... 
2024-11-13 12:14:17 +0000  7037 bytes for ./Payload/demoapp.app/QBImagePicker.bundle/QBImagePicker.storyboardc/QL5-wR-LYt-view-66K-TS-Yoc.nib/runtime.nib
2024-11-13 12:14:17 +0000  copying file ./Payload/demoapp.app/QBImagePicker.bundle/QBImagePicker.storyboardc/QL5-wR-LYt-view-66K-TS-Yoc.nib/objects-12.3+.nib ... 
2024-11-13 12:14:17 +0000  7037 bytes for ./Payload/demoapp.app/QBImagePicker.bundle/QBImagePicker.storyboardc/QL5-wR-LYt-view-66K-TS-Yoc.nib/objects-12.3+.nib
2024-11-13 12:14:17 +0000  copying file ./Payload/demoapp.app/QBImagePicker.bundle/QBImagePicker.storyboardc/QBAlbumsNavigationController.nib/runtime.nib ... 
2024-11-13 12:14:17 +0000  2631 bytes for ./Payload/demoapp.app/QBImagePicker.bundle/QBImagePicker.storyboardc/QBAlbumsNavigationController.nib/runtime.nib
2024-11-13 12:14:17 +0000  copying file ./Payload/demoapp.app/QBImagePicker.bundle/QBImagePicker.storyboardc/QBAlbumsNavigationController.nib/objects-12.3+.nib ... 
2024-11-13 12:14:17 +0000  2631 bytes for ./Payload/demoapp.app/QBImagePicker.bundle/QBImagePicker.storyboardc/QBAlbumsNavigationController.nib/objects-12.3+.nib
2024-11-13 12:14:17 +0000  copying file ./Payload/demoapp.app/QBImagePicker.bundle/QBImagePicker.storyboardc/Info.plist ... 
2024-11-13 12:14:17 +0000  289 bytes for ./Payload/demoapp.app/QBImagePicker.bundle/QBImagePicker.storyboardc/Info.plist
2024-11-13 12:14:17 +0000  copying file ./Payload/demoapp.app/QBImagePicker.bundle/nb.lproj/QBImagePicker.strings ... 
2024-11-13 12:14:17 +0000  1076 bytes for ./Payload/demoapp.app/QBImagePicker.bundle/nb.lproj/QBImagePicker.strings
2024-11-13 12:14:17 +0000  copying file ./Payload/demoapp.app/QBImagePicker.bundle/es.lproj/QBImagePicker.strings ... 
2024-11-13 12:14:17 +0000  1113 bytes for ./Payload/demoapp.app/QBImagePicker.bundle/es.lproj/QBImagePicker.strings
2024-11-13 12:14:17 +0000  copying file ./Payload/demoapp.app/QBImagePicker.bundle/da.lproj/QBImagePicker.strings ... 
2024-11-13 12:14:17 +0000  1015 bytes for ./Payload/demoapp.app/QBImagePicker.bundle/da.lproj/QBImagePicker.strings
2024-11-13 12:14:17 +0000  copying file ./Payload/demoapp.app/QBImagePicker.bundle/it.lproj/QBImagePicker.strings ... 
2024-11-13 12:14:17 +0000  1088 bytes for ./Payload/demoapp.app/QBImagePicker.bundle/it.lproj/QBImagePicker.strings
2024-11-13 12:14:17 +0000  copying file ./Payload/demoapp.app/QBImagePicker.bundle/sv.lproj/QBImagePicker.strings ... 
2024-11-13 12:14:17 +0000  1082 bytes for ./Payload/demoapp.app/QBImagePicker.bundle/sv.lproj/QBImagePicker.strings
2024-11-13 12:14:17 +0000  copying file ./Payload/demoapp.app/QBImagePicker.bundle/ko.lproj/QBImagePicker.strings ... 
2024-11-13 12:14:17 +0000  1139 bytes for ./Payload/demoapp.app/QBImagePicker.bundle/ko.lproj/QBImagePicker.strings
2024-11-13 12:14:17 +0000  copying file ./Payload/demoapp.app/QBImagePicker.bundle/zh-Hant.lproj/QBImagePicker.strings ... 
2024-11-13 12:14:17 +0000  1119 bytes for ./Payload/demoapp.app/QBImagePicker.bundle/zh-Hant.lproj/QBImagePicker.strings
2024-11-13 12:14:17 +0000  copying file ./Payload/demoapp.app/QBImagePicker.bundle/tr.lproj/QBImagePicker.strings ... 
2024-11-13 12:14:17 +0000  1104 bytes for ./Payload/demoapp.app/QBImagePicker.bundle/tr.lproj/QBImagePicker.strings
2024-11-13 12:14:17 +0000  copying file ./Payload/demoapp.app/QBImagePicker.bundle/pl.lproj/QBImagePicker.strings ... 
2024-11-13 12:14:17 +0000  1119 bytes for ./Payload/demoapp.app/QBImagePicker.bundle/pl.lproj/QBImagePicker.strings
2024-11-13 12:14:17 +0000  copying file ./Payload/demoapp.app/QBImagePicker.bundle/vi.lproj/QBImagePicker.strings ... 
2024-11-13 12:14:17 +0000  1143 bytes for ./Payload/demoapp.app/QBImagePicker.bundle/vi.lproj/QBImagePicker.strings
2024-11-13 12:14:17 +0000  copying file ./Payload/demoapp.app/QBImagePicker.bundle/ru.lproj/QBImagePicker.strings ... 
2024-11-13 12:14:17 +0000  1433 bytes for ./Payload/demoapp.app/QBImagePicker.bundle/ru.lproj/QBImagePicker.strings
2024-11-13 12:14:17 +0000  copying file ./Payload/demoapp.app/QBImagePicker.bundle/fr.lproj/QBImagePicker.strings ... 
2024-11-13 12:14:17 +0000  1153 bytes for ./Payload/demoapp.app/QBImagePicker.bundle/fr.lproj/QBImagePicker.strings
2024-11-13 12:14:17 +0000  copying file ./Payload/demoapp.app/QBImagePicker.bundle/fi.lproj/QBImagePicker.strings ... 
2024-11-13 12:14:17 +0000  1002 bytes for ./Payload/demoapp.app/QBImagePicker.bundle/fi.lproj/QBImagePicker.strings
2024-11-13 12:14:17 +0000  copying file ./Payload/demoapp.app/QBImagePicker.bundle/pt.lproj/QBImagePicker.strings ... 
2024-11-13 12:14:17 +0000  1112 bytes for ./Payload/demoapp.app/QBImagePicker.bundle/pt.lproj/QBImagePicker.strings
2024-11-13 12:14:17 +0000  copying file ./Payload/demoapp.app/QBImagePicker.bundle/ro.lproj/QBImagePicker.strings ... 
2024-11-13 12:14:17 +0000  1127 bytes for ./Payload/demoapp.app/QBImagePicker.bundle/ro.lproj/QBImagePicker.strings
2024-11-13 12:14:17 +0000  copying file ./Payload/demoapp.app/QBImagePicker.bundle/Info.plist ... 
2024-11-13 12:14:17 +0000  770 bytes for ./Payload/demoapp.app/QBImagePicker.bundle/Info.plist
2024-11-13 12:14:17 +0000  copying file ./Payload/demoapp.app/FontAwesome5_Brands.ttf ... 
2024-11-13 12:14:17 +0000  134040 bytes for ./Payload/demoapp.app/FontAwesome5_Brands.ttf
2024-11-13 12:14:17 +0000  copying file ./Payload/demoapp.app/MaterialCommunityIcons.ttf ... 
2024-11-13 12:14:17 +0000  1147844 bytes for ./Payload/demoapp.app/MaterialCommunityIcons.ttf
2024-11-13 12:14:17 +0000  copying file ./Payload/demoapp.app/AppIcon60x60@2x.png ... 
2024-11-13 12:14:17 +0000  10936 bytes for ./Payload/demoapp.app/AppIcon60x60@2x.png
2024-11-13 12:14:17 +0000  copying file ./Payload/demoapp.app/AntDesign.ttf ... 
2024-11-13 12:14:17 +0000  70344 bytes for ./Payload/demoapp.app/AntDesign.ttf
2024-11-13 12:14:17 +0000  copying file ./Payload/demoapp.app/Foundation.ttf ... 
2024-11-13 12:14:17 +0000  56976 bytes for ./Payload/demoapp.app/Foundation.ttf
2024-11-13 12:14:17 +0000  copying file ./Payload/demoapp.app/Ionicons.ttf ... 
2024-11-13 12:14:17 +0000  442604 bytes for ./Payload/demoapp.app/Ionicons.ttf
2024-11-13 12:14:17 +0000  copying file ./Payload/demoapp.app/FontAwesome5_Solid.ttf ... 
2024-11-13 12:14:17 +0000  202744 bytes for ./Payload/demoapp.app/FontAwesome5_Solid.ttf
2024-11-13 12:14:17 +0000  copying file ./Payload/demoapp.app/FontAwesome5_Regular.ttf ... 
2024-11-13 12:14:17 +0000  33736 bytes for ./Payload/demoapp.app/FontAwesome5_Regular.ttf
2024-11-13 12:14:17 +0000  copying file ./Payload/demoapp.app/RNDeviceInfoPrivacyInfo.bundle/PrivacyInfo.xcprivacy ... 
2024-11-13 12:14:17 +0000  1159 bytes for ./Payload/demoapp.app/RNDeviceInfoPrivacyInfo.bundle/PrivacyInfo.xcprivacy
2024-11-13 12:14:17 +0000  copying file ./Payload/demoapp.app/RNDeviceInfoPrivacyInfo.bundle/Info.plist ... 
2024-11-13 12:14:17 +0000  792 bytes for ./Payload/demoapp.app/RNDeviceInfoPrivacyInfo.bundle/Info.plist
2024-11-13 12:14:17 +0000  copying file ./Payload/demoapp.app/AccessibilityResources.bundle/en.lproj/Localizable.strings ... 
2024-11-13 12:14:17 +0000  518 bytes for ./Payload/demoapp.app/AccessibilityResources.bundle/en.lproj/Localizable.strings
2024-11-13 12:14:17 +0000  copying file ./Payload/demoapp.app/AccessibilityResources.bundle/Info.plist ... 
2024-11-13 12:14:17 +0000  790 bytes for ./Payload/demoapp.app/AccessibilityResources.bundle/Info.plist
2024-11-13 12:14:17 +0000  copying file ./Payload/demoapp.app/FontAwesome.ttf ... 
2024-11-13 12:14:17 +0000  165548 bytes for ./Payload/demoapp.app/FontAwesome.ttf
2024-11-13 12:14:17 +0000  copying file ./Payload/demoapp.app/Toast.bundle/PrivacyInfo.xcprivacy ... 
2024-11-13 12:14:17 +0000  372 bytes for ./Payload/demoapp.app/Toast.bundle/PrivacyInfo.xcprivacy
2024-11-13 12:14:17 +0000  copying file ./Payload/demoapp.app/Toast.bundle/Info.plist ... 
2024-11-13 12:14:17 +0000  753 bytes for ./Payload/demoapp.app/Toast.bundle/Info.plist
2024-11-13 12:14:17 +0000  copying file ./Payload/demoapp.app/Zocial.ttf ... 
2024-11-13 12:14:17 +0000  25788 bytes for ./Payload/demoapp.app/Zocial.ttf
2024-11-13 12:14:17 +0000  copying file ./Payload/demoapp.app/demoapp ... 
2024-11-13 12:14:17 +0000  5440624 bytes for ./Payload/demoapp.app/demoapp
2024-11-13 12:14:17 +0000  copying file ./Payload/demoapp.app/Assets.car ... 
2024-11-13 12:14:17 +0000  370335 bytes for ./Payload/demoapp.app/Assets.car
2024-11-13 12:14:17 +0000  copying file ./Payload/demoapp.app/EvilIcons.ttf ... 
2024-11-13 12:14:17 +0000  13456 bytes for ./Payload/demoapp.app/EvilIcons.ttf
2024-11-13 12:14:17 +0000  copying file ./Payload/demoapp.app/AppIcon76x76@2x~ipad.png ... 
2024-11-13 12:14:17 +0000  14832 bytes for ./Payload/demoapp.app/AppIcon76x76@2x~ipad.png
2024-11-13 12:14:17 +0000  copying file ./Payload/demoapp.app/FontAwesome6_Solid.ttf ... 
2024-11-13 12:14:17 +0000  423676 bytes for ./Payload/demoapp.app/FontAwesome6_Solid.ttf
2024-11-13 12:14:17 +0000  copying file ./Payload/demoapp.app/LaunchScreen.storyboardc/01J-lp-oVM-view-Ze5-6b-2t3.nib ... 
2024-11-13 12:14:17 +0000  3774 bytes for ./Payload/demoapp.app/LaunchScreen.storyboardc/01J-lp-oVM-view-Ze5-6b-2t3.nib
2024-11-13 12:14:17 +0000  copying file ./Payload/demoapp.app/LaunchScreen.storyboardc/UIViewController-01J-lp-oVM.nib ... 
2024-11-13 12:14:17 +0000  924 bytes for ./Payload/demoapp.app/LaunchScreen.storyboardc/UIViewController-01J-lp-oVM.nib
2024-11-13 12:14:17 +0000  copying file ./Payload/demoapp.app/LaunchScreen.storyboardc/Info.plist ... 
2024-11-13 12:14:17 +0000  258 bytes for ./Payload/demoapp.app/LaunchScreen.storyboardc/Info.plist
2024-11-13 12:14:17 +0000  copying file ./Payload/demoapp.app/TOCropViewControllerBundle.bundle/de.lproj/TOCropViewControllerLocalizable.strings ... 
2024-11-13 12:14:17 +0000  189 bytes for ./Payload/demoapp.app/TOCropViewControllerBundle.bundle/de.lproj/TOCropViewControllerLocalizable.strings
2024-11-13 12:14:17 +0000  copying file ./Payload/demoapp.app/TOCropViewControllerBundle.bundle/ar.lproj/TOCropViewControllerLocalizable.strings ... 
2024-11-13 12:14:17 +0000  207 bytes for ./Payload/demoapp.app/TOCropViewControllerBundle.bundle/ar.lproj/TOCropViewControllerLocalizable.strings
2024-11-13 12:14:17 +0000  copying file ./Payload/demoapp.app/TOCropViewControllerBundle.bundle/zh-Hans.lproj/TOCropViewControllerLocalizable.strings ... 
2024-11-13 12:14:17 +0000  172 bytes for ./Payload/demoapp.app/TOCropViewControllerBundle.bundle/zh-Hans.lproj/TOCropViewControllerLocalizable.strings
2024-11-13 12:14:17 +0000  copying file ./Payload/demoapp.app/TOCropViewControllerBundle.bundle/ja.lproj/TOCropViewControllerLocalizable.strings ... 
2024-11-13 12:14:17 +0000  210 bytes for ./Payload/demoapp.app/TOCropViewControllerBundle.bundle/ja.lproj/TOCropViewControllerLocalizable.strings
2024-11-13 12:14:17 +0000  copying file ./Payload/demoapp.app/TOCropViewControllerBundle.bundle/fa.lproj/TOCropViewControllerLocalizable.strings ... 
2024-11-13 12:14:17 +0000  210 bytes for ./Payload/demoapp.app/TOCropViewControllerBundle.bundle/fa.lproj/TOCropViewControllerLocalizable.strings
2024-11-13 12:14:17 +0000  copying file ./Payload/demoapp.app/TOCropViewControllerBundle.bundle/en.lproj/TOCropViewControllerLocalizable.strings ... 
2024-11-13 12:14:17 +0000  168 bytes for ./Payload/demoapp.app/TOCropViewControllerBundle.bundle/en.lproj/TOCropViewControllerLocalizable.strings
2024-11-13 12:14:17 +0000  copying file ./Payload/demoapp.app/TOCropViewControllerBundle.bundle/uk.lproj/TOCropViewControllerLocalizable.strings ... 
2024-11-13 12:14:17 +0000  231 bytes for ./Payload/demoapp.app/TOCropViewControllerBundle.bundle/uk.lproj/TOCropViewControllerLocalizable.strings
2024-11-13 12:14:17 +0000  copying file ./Payload/demoapp.app/TOCropViewControllerBundle.bundle/es.lproj/TOCropViewControllerLocalizable.strings ... 
2024-11-13 12:14:17 +0000  179 bytes for ./Payload/demoapp.app/TOCropViewControllerBundle.bundle/es.lproj/TOCropViewControllerLocalizable.strings
2024-11-13 12:14:17 +0000  copying file ./Payload/demoapp.app/TOCropViewControllerBundle.bundle/it.lproj/TOCropViewControllerLocalizable.strings ... 
2024-11-13 12:14:17 +0000  181 bytes for ./Payload/demoapp.app/TOCropViewControllerBundle.bundle/it.lproj/TOCropViewControllerLocalizable.strings
2024-11-13 12:14:17 +0000  copying file ./Payload/demoapp.app/TOCropViewControllerBundle.bundle/sk.lproj/TOCropViewControllerLocalizable.strings ... 
2024-11-13 12:14:17 +0000  176 bytes for ./Payload/demoapp.app/TOCropViewControllerBundle.bundle/sk.lproj/TOCropViewControllerLocalizable.strings
2024-11-13 12:14:17 +0000  copying file ./Payload/demoapp.app/TOCropViewControllerBundle.bundle/ms.lproj/TOCropViewControllerLocalizable.strings ... 
2024-11-13 12:14:17 +0000  173 bytes for ./Payload/demoapp.app/TOCropViewControllerBundle.bundle/ms.lproj/TOCropViewControllerLocalizable.strings
2024-11-13 12:14:17 +0000  copying file ./Payload/demoapp.app/TOCropViewControllerBundle.bundle/cs.lproj/TOCropViewControllerLocalizable.strings ... 
2024-11-13 12:14:17 +0000  173 bytes for ./Payload/demoapp.app/TOCropViewControllerBundle.bundle/cs.lproj/TOCropViewControllerLocalizable.strings
2024-11-13 12:14:17 +0000  copying file ./Payload/demoapp.app/TOCropViewControllerBundle.bundle/ko.lproj/TOCropViewControllerLocalizable.strings ... 
2024-11-13 12:14:17 +0000  187 bytes for ./Payload/demoapp.app/TOCropViewControllerBundle.bundle/ko.lproj/TOCropViewControllerLocalizable.strings
2024-11-13 12:14:17 +0000  copying file ./Payload/demoapp.app/TOCropViewControllerBundle.bundle/Base.lproj/TOCropViewControllerLocalizable.strings ... 
2024-11-13 12:14:17 +0000  168 bytes for ./Payload/demoapp.app/TOCropViewControllerBundle.bundle/Base.lproj/TOCropViewControllerLocalizable.strings
2024-11-13 12:14:17 +0000  copying file ./Payload/demoapp.app/TOCropViewControllerBundle.bundle/zh-Hant.lproj/TOCropViewControllerLocalizable.strings ... 
2024-11-13 12:14:17 +0000  175 bytes for ./Payload/demoapp.app/TOCropViewControllerBundle.bundle/zh-Hant.lproj/TOCropViewControllerLocalizable.strings
2024-11-13 12:14:17 +0000  copying file ./Payload/demoapp.app/TOCropViewControllerBundle.bundle/fa-IR.lproj/TOCropViewControllerLocalizable.strings ... 
2024-11-13 12:14:17 +0000  210 bytes for ./Payload/demoapp.app/TOCropViewControllerBundle.bundle/fa-IR.lproj/TOCropViewControllerLocalizable.strings
2024-11-13 12:14:17 +0000  copying file ./Payload/demoapp.app/TOCropViewControllerBundle.bundle/hu.lproj/TOCropViewControllerLocalizable.strings ... 
2024-11-13 12:14:17 +0000  194 bytes for ./Payload/demoapp.app/TOCropViewControllerBundle.bundle/hu.lproj/TOCropViewControllerLocalizable.strings
2024-11-13 12:14:17 +0000  copying file ./Payload/demoapp.app/TOCropViewControllerBundle.bundle/da-DK.lproj/TOCropViewControllerLocalizable.strings ... 
2024-11-13 12:14:17 +0000  174 bytes for ./Payload/demoapp.app/TOCropViewControllerBundle.bundle/da-DK.lproj/TOCropViewControllerLocalizable.strings
2024-11-13 12:14:17 +0000  copying file ./Payload/demoapp.app/TOCropViewControllerBundle.bundle/tr.lproj/TOCropViewControllerLocalizable.strings ... 
2024-11-13 12:14:17 +0000  183 bytes for ./Payload/demoapp.app/TOCropViewControllerBundle.bundle/tr.lproj/TOCropViewControllerLocalizable.strings
2024-11-13 12:14:17 +0000  copying file ./Payload/demoapp.app/TOCropViewControllerBundle.bundle/pl.lproj/TOCropViewControllerLocalizable.strings ... 
2024-11-13 12:14:17 +0000  171 bytes for ./Payload/demoapp.app/TOCropViewControllerBundle.bundle/pl.lproj/TOCropViewControllerLocalizable.strings
2024-11-13 12:14:17 +0000  copying file ./Payload/demoapp.app/TOCropViewControllerBundle.bundle/pt-BR.lproj/TOCropViewControllerLocalizable.strings ... 
2024-11-13 12:14:17 +0000  181 bytes for ./Payload/demoapp.app/TOCropViewControllerBundle.bundle/pt-BR.lproj/TOCropViewControllerLocalizable.strings
2024-11-13 12:14:17 +0000  copying file ./Payload/demoapp.app/TOCropViewControllerBundle.bundle/vi.lproj/TOCropViewControllerLocalizable.strings ... 
2024-11-13 12:14:17 +0000  178 bytes for ./Payload/demoapp.app/TOCropViewControllerBundle.bundle/vi.lproj/TOCropViewControllerLocalizable.strings
2024-11-13 12:14:17 +0000  copying file ./Payload/demoapp.app/TOCropViewControllerBundle.bundle/PrivacyInfo.xcprivacy ... 
2024-11-13 12:14:17 +0000  373 bytes for ./Payload/demoapp.app/TOCropViewControllerBundle.bundle/PrivacyInfo.xcprivacy
2024-11-13 12:14:17 +0000  copying file ./Payload/demoapp.app/TOCropViewControllerBundle.bundle/ru.lproj/TOCropViewControllerLocalizable.strings ... 
2024-11-13 12:14:17 +0000  237 bytes for ./Payload/demoapp.app/TOCropViewControllerBundle.bundle/ru.lproj/TOCropViewControllerLocalizable.strings
2024-11-13 12:14:17 +0000  copying file ./Payload/demoapp.app/TOCropViewControllerBundle.bundle/fr.lproj/TOCropViewControllerLocalizable.strings ... 
2024-11-13 12:14:17 +0000  193 bytes for ./Payload/demoapp.app/TOCropViewControllerBundle.bundle/fr.lproj/TOCropViewControllerLocalizable.strings
2024-11-13 12:14:17 +0000  copying file ./Payload/demoapp.app/TOCropViewControllerBundle.bundle/fi.lproj/TOCropViewControllerLocalizable.strings ... 
2024-11-13 12:14:17 +0000  179 bytes for ./Payload/demoapp.app/TOCropViewControllerBundle.bundle/fi.lproj/TOCropViewControllerLocalizable.strings
2024-11-13 12:14:17 +0000  copying file ./Payload/demoapp.app/TOCropViewControllerBundle.bundle/id.lproj/TOCropViewControllerLocalizable.strings ... 
2024-11-13 12:14:17 +0000  178 bytes for ./Payload/demoapp.app/TOCropViewControllerBundle.bundle/id.lproj/TOCropViewControllerLocalizable.strings
2024-11-13 12:14:17 +0000  copying file ./Payload/demoapp.app/TOCropViewControllerBundle.bundle/nl.lproj/TOCropViewControllerLocalizable.strings ... 
2024-11-13 12:14:17 +0000  178 bytes for ./Payload/demoapp.app/TOCropViewControllerBundle.bundle/nl.lproj/TOCropViewControllerLocalizable.strings
2024-11-13 12:14:17 +0000  copying file ./Payload/demoapp.app/TOCropViewControllerBundle.bundle/pt.lproj/TOCropViewControllerLocalizable.strings ... 
2024-11-13 12:14:17 +0000  181 bytes for ./Payload/demoapp.app/TOCropViewControllerBundle.bundle/pt.lproj/TOCropViewControllerLocalizable.strings
2024-11-13 12:14:17 +0000  copying file ./Payload/demoapp.app/TOCropViewControllerBundle.bundle/ro.lproj/TOCropViewControllerLocalizable.strings ... 
2024-11-13 12:14:17 +0000  181 bytes for ./Payload/demoapp.app/TOCropViewControllerBundle.bundle/ro.lproj/TOCropViewControllerLocalizable.strings
2024-11-13 12:14:17 +0000  copying file ./Payload/demoapp.app/TOCropViewControllerBundle.bundle/Info.plist ... 
2024-11-13 12:14:17 +0000  797 bytes for ./Payload/demoapp.app/TOCropViewControllerBundle.bundle/Info.plist
2024-11-13 12:14:17 +0000  copying file ./Payload/demoapp.app/TOCropViewControllerBundle.bundle/ca.lproj/TOCropViewControllerLocalizable.strings ... 
2024-11-13 12:14:17 +0000  177 bytes for ./Payload/demoapp.app/TOCropViewControllerBundle.bundle/ca.lproj/TOCropViewControllerLocalizable.strings
2024-11-13 12:14:17 +0000  copying file ./Payload/demoapp.app/Frameworks/hermes.framework/_CodeSignature/CodeResources ... 
2024-11-13 12:14:17 +0000  1798 bytes for ./Payload/demoapp.app/Frameworks/hermes.framework/_CodeSignature/CodeResources
2024-11-13 12:14:17 +0000  copying file ./Payload/demoapp.app/Frameworks/hermes.framework/hermes ... 
2024-11-13 12:14:27 +0000  508276416 bytes for ./Payload/demoapp.app/Frameworks/hermes.framework/hermes
2024-11-13 12:14:27 +0000  copying file ./Payload/demoapp.app/Frameworks/hermes.framework/Info.plist ... 
2024-11-13 12:14:27 +0000  815 bytes for ./Payload/demoapp.app/Frameworks/hermes.framework/Info.plist
2024-11-13 12:14:27 +0000  copying file ./Payload/demoapp.app/SimpleLineIcons.ttf ... 
2024-11-13 12:14:27 +0000  54056 bytes for ./Payload/demoapp.app/SimpleLineIcons.ttf
2024-11-13 12:14:27 +0000  copying file ./Payload/demoapp.app/FontAwesome6_Brands.ttf ... 
2024-11-13 12:14:27 +0000  209376 bytes for ./Payload/demoapp.app/FontAwesome6_Brands.ttf
2024-11-13 12:14:27 +0000  copying file ./Payload/demoapp.app/embedded.mobileprovision ... 
2024-11-13 12:14:27 +0000  20968 bytes for ./Payload/demoapp.app/embedded.mobileprovision
2024-11-13 12:14:27 +0000  copying file ./Payload/demoapp.app/Info.plist ... 
2024-11-13 12:14:27 +0000  2319 bytes for ./Payload/demoapp.app/Info.plist
2024-11-13 12:14:27 +0000  copying file ./Payload/demoapp.app/RNCAsyncStorage_resources.bundle/PrivacyInfo.xcprivacy ... 
2024-11-13 12:14:27 +0000  512 bytes for ./Payload/demoapp.app/RNCAsyncStorage_resources.bundle/PrivacyInfo.xcprivacy
2024-11-13 12:14:27 +0000  copying file ./Payload/demoapp.app/RNCAsyncStorage_resources.bundle/Info.plist ... 
2024-11-13 12:14:27 +0000  796 bytes for ./Payload/demoapp.app/RNCAsyncStorage_resources.bundle/Info.plist
2024-11-13 12:14:27 +0000  copying file ./Payload/demoapp.app/PkgInfo ... 
2024-11-13 12:14:27 +0000  8 bytes for ./Payload/demoapp.app/PkgInfo
2024-11-13 12:14:27 +0000  copying file ./Payload/demoapp.app/MaterialIcons.ttf ... 
2024-11-13 12:14:27 +0000  356840 bytes for ./Payload/demoapp.app/MaterialIcons.ttf
2024-11-13 12:14:27 +0000  /usr/bin/ditto exited with 0
2024-11-13 12:14:27 +0000  Processing step: IDEDistributionAppStoreInformationStep
2024-11-13 12:14:27 +0000  Skipping step: IDEDistributionAppStoreInformationStep because it said so
2024-11-13 12:14:27 +0000  Processing step: IDEDistributionGenerateProcessedDistributionItems
2024-11-13 12:14:27 +0000  IDEDistributionItem init <DVTFilePath:0x600020b7f410:'/var/folders/_t/6dz1j2mx14q7l9p3lr6rhmx80000gn/T/XcodeDistPipeline.~~~iZP50T/Root/Payload/demoapp.app/Frameworks/hermes.framework'>
2024-11-13 12:14:27 +0000  IDEDistributionItem init <DVTFilePath:0x6000085fe880:'/var/folders/_t/6dz1j2mx14q7l9p3lr6rhmx80000gn/T/XcodeDistPipeline.~~~iZP50T/Root/Payload/demoapp.app'>
2024-11-13 12:14:28 +0000  Processing step: IDEDistributionCreateManifestStep
